# JRE version: OpenJDK Runtime Environment Temurin-17.0.1+12 (17.0.1+12) (build 17.0.1+12)
# Java VM: OpenJDK 64-Bit Server VM Temurin-17.0.1+12 (17.0.1+12, mixed mode, tiered, compressed oops, compressed class ptrs, g1 gc, windows-amd64)
GC Precious Log:
 CPUs: 2 total, 2 available
 Memory: 7647M
 Large Page Support: Disabled
 NUMA Support: Disabled
 Compressed Oops: Enabled (32-bit)
 Heap Region Size: 1M
 Heap Min Capacity: 8M
 Heap Initial Capacity: 120M
 Heap Max Capacity: 1912M
 Pre-touch: Disabled
 Parallel Workers: 2
 Concurrent Workers: 1
 Concurrent Refinement Workers: 2
 Periodic GC: Disabled
Heap:
 garbage-first heap   total 102400K, used 67243K [0x0000000088800000, 0x0000000100000000)
  region size 1024K, 37 young (37888K), 0 survivors (0K)
 Metaspace       used 88530K, committed 89152K, reserved 1130496K
  class space    used 10805K, committed 11136K, reserved 1048576K
GC Heap History (20 events):
Event: 1207.170 GC heap before
{Heap before GC invocations=48 (full 3):
 garbage-first heap   total 102400K, used 66254K [0x0000000088800000, 0x0000000100000000)
  region size 1024K, 37 young (37888K), 7 survivors (7168K)
 Metaspace       used 86310K, committed 86912K, reserved 1130496K
  class space    used 10677K, committed 10944K, reserved 1048576K
}
Event: 1207.359 GC heap after
{Heap after GC invocations=49 (full 4):
 garbage-first heap   total 102400K, used 30490K [0x0000000088800000, 0x0000000100000000)
  region size 1024K, 0 young (0K), 0 survivors (0K)
 Metaspace       used 86308K, committed 86912K, reserved 1130496K
  class space    used 10677K, committed 10944K, reserved 1048576K
}
Event: 1211.845 GC heap before
{Heap before GC invocations=49 (full 4):
 garbage-first heap   total 102400K, used 81690K [0x0000000088800000, 0x0000000100000000)
  region size 1024K, 51 young (52224K), 0 survivors (0K)
 Metaspace       used 86477K, committed 87104K, reserved 1130496K
  class space    used 10694K, committed 11008K, reserved 1048576K
}
Event: 1211.854 GC heap after
{Heap after GC invocations=50 (full 4):
 garbage-first heap   total 102400K, used 33050K [0x0000000088800000, 0x0000000100000000)
  region size 1024K, 3 young (3072K), 3 survivors (3072K)
 Metaspace       used 86477K, committed 87104K, reserved 1130496K
  class space    used 10694K, committed 11008K, reserved 1048576K
}
Event: 1213.142 GC heap before
{Heap before GC invocations=50 (full 4):
 garbage-first heap   total 102400K, used 82202K [0x0000000088800000, 0x0000000100000000)
  region size 1024K, 52 young (53248K), 3 survivors (3072K)
 Metaspace       used 86621K, committed 87232K, reserved 1130496K
  class space    used 10699K, committed 11008K, reserved 1048576K
}
Event: 1213.152 GC heap after
{Heap after GC invocations=51 (full 4):
 garbage-first heap   total 102400K, used 34165K [0x0000000088800000, 0x0000000100000000)
  region size 1024K, 4 young (4096K), 4 survivors (4096K)
 Metaspace       used 86621K, committed 87232K, reserved 1130496K
  class space    used 10699K, committed 11008K, reserved 1048576K
}
Event: 1381.993 GC heap before
{Heap before GC invocations=51 (full 4):
 garbage-first heap   total 102400K, used 82293K [0x0000000088800000, 0x0000000100000000)
  region size 1024K, 52 young (53248K), 4 survivors (4096K)
 Metaspace       used 86980K, committed 87552K, reserved 1130496K
  class space    used 10713K, committed 11008K, reserved 1048576K
}
Event: 1382.016 GC heap after
{Heap after GC invocations=52 (full 4):
 garbage-first heap   total 102400K, used 36956K [0x0000000088800000, 0x0000000100000000)
  region size 1024K, 7 young (7168K), 7 survivors (7168K)
 Metaspace       used 86980K, committed 87552K, reserved 1130496K
  class space    used 10713K, committed 11008K, reserved 1048576K
}
Event: 1458.151 GC heap before
{Heap before GC invocations=52 (full 4):
 garbage-first heap   total 102400K, used 43100K [0x0000000088800000, 0x0000000100000000)
  region size 1024K, 14 young (14336K), 7 survivors (7168K)
 Metaspace       used 87000K, committed 87616K, reserved 1130496K
  class space    used 10714K, committed 11008K, reserved 1048576K
}
Event: 1458.311 GC heap after
{Heap after GC invocations=53 (full 5):
 garbage-first heap   total 102400K, used 30648K [0x0000000088800000, 0x0000000100000000)
  region size 1024K, 0 young (0K), 0 survivors (0K)
 Metaspace       used 86997K, committed 87616K, reserved 1130496K
  class space    used 10714K, committed 11008K, reserved 1048576K
}
Event: 1461.210 GC heap before
{Heap before GC invocations=53 (full 5):
 garbage-first heap   total 102400K, used 81848K [0x0000000088800000, 0x0000000100000000)
  region size 1024K, 51 young (52224K), 0 survivors (0K)
 Metaspace       used 87208K, committed 87872K, reserved 1130496K
  class space    used 10741K, committed 11072K, reserved 1048576K
}
Event: 1461.219 GC heap after
{Heap after GC invocations=54 (full 5):
 garbage-first heap   total 102400K, used 33208K [0x0000000088800000, 0x0000000100000000)
  region size 1024K, 3 young (3072K), 3 survivors (3072K)
 Metaspace       used 87208K, committed 87872K, reserved 1130496K
  class space    used 10741K, committed 11072K, reserved 1048576K
}
Event: 1463.801 GC heap before
{Heap before GC invocations=54 (full 5):
 garbage-first heap   total 102400K, used 81336K [0x0000000088800000, 0x0000000100000000)
  region size 1024K, 51 young (52224K), 3 survivors (3072K)
 Metaspace       used 87344K, committed 88000K, reserved 1130496K
  class space    used 10748K, committed 11072K, reserved 1048576K
}
Event: 1463.817 GC heap after
{Heap after GC invocations=55 (full 5):
 garbage-first heap   total 102400K, used 34325K [0x0000000088800000, 0x0000000100000000)
  region size 1024K, 4 young (4096K), 4 survivors (4096K)
 Metaspace       used 87344K, committed 88000K, reserved 1130496K
  class space    used 10748K, committed 11072K, reserved 1048576K
}
Event: 1498.092 GC heap before
{Heap before GC invocations=55 (full 5):
 garbage-first heap   total 102400K, used 82453K [0x0000000088800000, 0x0000000100000000)
  region size 1024K, 52 young (53248K), 4 survivors (4096K)
 Metaspace       used 88062K, committed 88768K, reserved 1130496K
  class space    used 10787K, committed 11136K, reserved 1048576K
}
Event: 1498.111 GC heap after
{Heap after GC invocations=56 (full 5):
 garbage-first heap   total 102400K, used 37436K [0x0000000088800000, 0x0000000100000000)
  region size 1024K, 7 young (7168K), 7 survivors (7168K)
 Metaspace       used 88062K, committed 88768K, reserved 1130496K
  class space    used 10787K, committed 11136K, reserved 1048576K
}
Event: 2222.492 GC heap before
{Heap before GC invocations=56 (full 5):
 garbage-first heap   total 102400K, used 82492K [0x0000000088800000, 0x0000000100000000)
  region size 1024K, 51 young (52224K), 7 survivors (7168K)
 Metaspace       used 88155K, committed 88832K, reserved 1130496K
  class space    used 10787K, committed 11136K, reserved 1048576K
}
Event: 2222.517 GC heap after
{Heap after GC invocations=57 (full 5):
 garbage-first heap   total 102400K, used 37885K [0x0000000088800000, 0x0000000100000000)
  region size 1024K, 1 young (1024K), 1 survivors (1024K)
 Metaspace       used 88155K, committed 88832K, reserved 1130496K
  class space    used 10787K, committed 11136K, reserved 1048576K
}
Event: 2540.706 GC heap before
{Heap before GC invocations=57 (full 5):
 garbage-first heap   total 102400K, used 68605K [0x0000000088800000, 0x0000000100000000)
  region size 1024K, 32 young (32768K), 1 survivors (1024K)
 Metaspace       used 88481K, committed 89152K, reserved 1130496K
  class space    used 10802K, committed 11136K, reserved 1048576K
}
Event: 2540.949 GC heap after
{Heap after GC invocations=58 (full 6):
 garbage-first heap   total 102400K, used 30379K [0x0000000088800000, 0x0000000100000000)
  region size 1024K, 0 young (0K), 0 survivors (0K)
 Metaspace       used 88402K, committed 89152K, reserved 1130496K
  class space    used 10786K, committed 11136K, reserved 1048576K
}

